<?xml version="1.0" encoding="UTF-8"?>
<testng-results ignored="0" total="1" passed="1" failed="0" skipped="0">
  <reporter-output>
  </reporter-output>
  <suite started-at="2025-04-24T15:26:05 IST" name="Default suite" finished-at="2025-04-24T15:26:17 IST" duration-ms="12180">
    <groups>
    </groups>
    <test started-at="2025-04-24T15:26:05 IST" name="Default test" finished-at="2025-04-24T15:26:17 IST" duration-ms="12180">
      <class name="abasics.Autosuggestions_bt">
        <test-method signature="dropdowns()[pri:0, instance:abasics.Autosuggestions_bt@74e52ef6]" started-at="2025-04-24T15:26:05 IST" name="dropdowns" finished-at="2025-04-24T15:26:17 IST" duration-ms="12139" status="PASS">
          <reporter-output>
          </reporter-output>
        </test-method> <!-- dropdowns -->
      </class> <!-- abasics.Autosuggestions_bt -->
    </test> <!-- Default test -->
  </suite> <!-- Default suite -->
</testng-results>
